<?xml version="1.0" encoding="UTF-8"?>
<testng-results total="1" passed="1" failed="0" skipped="0">
  <reporter-output>
  </reporter-output>
  <suite started-at="2022-12-05T09:38:56Z" name="Default suite" finished-at="2022-12-05T09:39:14Z" duration-ms="18289">
    <groups>
    </groups>
    <test started-at="2022-12-05T09:38:56Z" name="Default test" finished-at="2022-12-05T09:39:14Z" duration-ms="18289">
      <class name="screenshot.takescreenshot">
        <test-method signature="screenshot()[pri:0, instance:screenshot.takescreenshot@2bd08376]" started-at="2022-12-05T15:08:56Z" name="screenshot" finished-at="2022-12-05T15:09:14Z" duration-ms="18250" status="PASS">
          <reporter-output>
          </reporter-output>
        </test-method> <!-- screenshot -->
      </class> <!-- screenshot.takescreenshot -->
    </test> <!-- Default test -->
  </suite> <!-- Default suite -->
</testng-results>
